<?xml version="1.0" encoding="UTF-8"?>
<!-- Generated by org.testng.reporters.JUnitReportReporter -->
<testsuite ignored="0" hostname="Priyanshu-PC" failures="0" tests="1" name="pompack.tests.LoginTest" time="70.330" errors="0" timestamp="26 Apr 2022 08:36:42 GMT" skipped="0">
  <testcase classname="pompack.tests.LoginTest" name="testLogin" time="70.330"/>
</testsuite> <!-- pompack.tests.LoginTest -->
